<?xml version="1.0" encoding="UTF-8"?>
<testsuites name="jest tests" tests="10" failures="0" time="5.068">
  <testsuite name="undefined" errors="0" failures="0" skipped="0" timestamp="2019-08-12T09:39:41" time="1.303" tests="3">
    <testcase classname=" hello" name=" hello" time="0.005">
    </testcase>
    <testcase classname="我的第一个测试用例 1等于1" name="我的第一个测试用例 1等于1" time="0.001">
    </testcase>
    <testcase classname="button tests 是个div" name="button tests 是个div" time="0.012">
    </testcase>
  </testsuite>
  <testsuite name="classnames" errors="0" failures="0" skipped="0" timestamp="2019-08-12T09:39:41" time="1.307" tests="5">
    <testcase classname="classnames 接受一个className" name="classnames 接受一个className" time="0.006">
    </testcase>
    <testcase classname="classnames 接受2个classname" name="classnames 接受2个classname" time="0.001">
    </testcase>
    <testcase classname="classnames 接受undefined,结果不出现undefined" name="classnames 接受undefined,结果不出现undefined" time="0">
    </testcase>
    <testcase classname="classnames 接受奇怪值" name="classnames 接受奇怪值" time="0.001">
    </testcase>
    <testcase classname="classnames 接受0个参数" name="classnames 接受0个参数" time="0">
    </testcase>
  </testsuite>
  <testsuite name="icon" errors="0" failures="0" skipped="0" timestamp="2019-08-12T09:39:41" time="3.058" tests="2">
    <testcase classname="icon 是个svg" name="icon 是个svg" time="0.016">
    </testcase>
    <testcase classname="icon onClick" name="icon onClick" time="0.043">
    </testcase>
  </testsuite>
</testsuites>